# JRE version: OpenJDK Runtime Environment Temurin-21.0.8+9 (21.0.8+9) (build 21.0.8+9-LTS)
# Java VM: OpenJDK 64-Bit Server VM Temurin-21.0.8+9 (21.0.8+9-LTS, mixed mode, emulated-client, sharing, tiered, compressed oops, compressed class ptrs, g1 gc, windows-amd64)
GC Precious Log:
 CardTable entry size: 512
 Card Set container configuration: InlinePtr #cards 5 size 8 Array Of Cards #cards 12 size 40 Howl #buckets 4 coarsen threshold 1843 Howl Bitmap #cards 512 size 80 coarsen threshold 460 Card regions per heap region 1 cards per card region 2048
 CPUs: 8 total, 8 available
 Memory: 7975M
 Large Page Support: Disabled
 NUMA Support: Disabled
 Compressed Oops: Enabled (32-bit)
 Heap Region Size: 1M
 Heap Min Capacity: 8M
 Heap Initial Capacity: 126M
 Heap Max Capacity: 1G
 Pre-touch: Disabled
 Parallel Workers: 8
 Concurrent Workers: 2
 Concurrent Refinement Workers: 8
 Periodic GC: Disabled
Heap:
 garbage-first heap   total 131072K, used 59618K [0x00000000c0000000, 0x0000000100000000)
  region size 1024K, 1 young (1024K), 0 survivors (0K)
 Metaspace       used 62057K, committed 63104K, reserved 1114112K
  class space    used 8127K, committed 8576K, reserved 1048576K
GC Heap History (20 events):
Event: 1476720.124 GC heap before
{Heap before GC invocations=20498 (full 20328):
 garbage-first heap   total 131072K, used 59618K [0x00000000c0000000, 0x0000000100000000)
  region size 1024K, 1 young (1024K), 0 survivors (0K)
 Metaspace       used 62057K, committed 63104K, reserved 1114112K
  class space    used 8127K, committed 8576K, reserved 1048576K
}
Event: 1476720.163 GC heap after
{Heap after GC invocations=20499 (full 20329):
 garbage-first heap   total 131072K, used 59618K [0x00000000c0000000, 0x0000000100000000)
  region size 1024K, 0 young (0K), 0 survivors (0K)
 Metaspace       used 62057K, committed 63104K, reserved 1114112K
  class space    used 8127K, committed 8576K, reserved 1048576K
}
Event: 1478465.036 GC heap before
{Heap before GC invocations=20499 (full 20329):
 garbage-first heap   total 131072K, used 59618K [0x00000000c0000000, 0x0000000100000000)
  region size 1024K, 1 young (1024K), 0 survivors (0K)
 Metaspace       used 62057K, committed 63104K, reserved 1114112K
  class space    used 8127K, committed 8576K, reserved 1048576K
}
Event: 1478465.521 GC heap after
{Heap after GC invocations=20500 (full 20330):
 garbage-first heap   total 131072K, used 59618K [0x00000000c0000000, 0x0000000100000000)
  region size 1024K, 0 young (0K), 0 survivors (0K)
 Metaspace       used 62057K, committed 63104K, reserved 1114112K
  class space    used 8127K, committed 8576K, reserved 1048576K
}
Event: 1478476.171 GC heap before
{Heap before GC invocations=20500 (full 20330):
 garbage-first heap   total 131072K, used 59618K [0x00000000c0000000, 0x0000000100000000)
  region size 1024K, 1 young (1024K), 0 survivors (0K)
 Metaspace       used 62057K, committed 63104K, reserved 1114112K
  class space    used 8127K, committed 8576K, reserved 1048576K
}
Event: 1478476.419 GC heap after
{Heap after GC invocations=20501 (full 20331):
 garbage-first heap   total 131072K, used 59618K [0x00000000c0000000, 0x0000000100000000)
  region size 1024K, 0 young (0K), 0 survivors (0K)
 Metaspace       used 62057K, committed 63104K, reserved 1114112K
  class space    used 8127K, committed 8576K, reserved 1048576K
}
Event: 1478486.886 GC heap before
{Heap before GC invocations=20501 (full 20331):
 garbage-first heap   total 131072K, used 59618K [0x00000000c0000000, 0x0000000100000000)
  region size 1024K, 1 young (1024K), 0 survivors (0K)
 Metaspace       used 62057K, committed 63104K, reserved 1114112K
  class space    used 8127K, committed 8576K, reserved 1048576K
}
Event: 1478487.157 GC heap after
{Heap after GC invocations=20502 (full 20332):
 garbage-first heap   total 131072K, used 59618K [0x00000000c0000000, 0x0000000100000000)
  region size 1024K, 0 young (0K), 0 survivors (0K)
 Metaspace       used 62057K, committed 63104K, reserved 1114112K
  class space    used 8127K, committed 8576K, reserved 1048576K
}
Event: 1478497.516 GC heap before
{Heap before GC invocations=20502 (full 20332):
 garbage-first heap   total 131072K, used 59618K [0x00000000c0000000, 0x0000000100000000)
  region size 1024K, 1 young (1024K), 0 survivors (0K)
 Metaspace       used 62057K, committed 63104K, reserved 1114112K
  class space    used 8127K, committed 8576K, reserved 1048576K
}
Event: 1478497.559 GC heap after
{Heap after GC invocations=20503 (full 20333):
 garbage-first heap   total 131072K, used 59618K [0x00000000c0000000, 0x0000000100000000)
  region size 1024K, 0 young (0K), 0 survivors (0K)
 Metaspace       used 62057K, committed 63104K, reserved 1114112K
  class space    used 8127K, committed 8576K, reserved 1048576K
}
Event: 1478509.182 GC heap before
{Heap before GC invocations=20503 (full 20333):
 garbage-first heap   total 131072K, used 59618K [0x00000000c0000000, 0x0000000100000000)
  region size 1024K, 1 young (1024K), 0 survivors (0K)
 Metaspace       used 62057K, committed 63104K, reserved 1114112K
  class space    used 8127K, committed 8576K, reserved 1048576K
}
Event: 1478509.229 GC heap after
{Heap after GC invocations=20504 (full 20334):
 garbage-first heap   total 131072K, used 59618K [0x00000000c0000000, 0x0000000100000000)
  region size 1024K, 0 young (0K), 0 survivors (0K)
 Metaspace       used 62057K, committed 63104K, reserved 1114112K
  class space    used 8127K, committed 8576K, reserved 1048576K
}
Event: 1478519.597 GC heap before
{Heap before GC invocations=20504 (full 20334):
 garbage-first heap   total 131072K, used 59618K [0x00000000c0000000, 0x0000000100000000)
  region size 1024K, 1 young (1024K), 0 survivors (0K)
 Metaspace       used 62057K, committed 63104K, reserved 1114112K
  class space    used 8127K, committed 8576K, reserved 1048576K
}
Event: 1478519.736 GC heap after
{Heap after GC invocations=20505 (full 20335):
 garbage-first heap   total 131072K, used 59618K [0x00000000c0000000, 0x0000000100000000)
  region size 1024K, 0 young (0K), 0 survivors (0K)
 Metaspace       used 62057K, committed 63104K, reserved 1114112K
  class space    used 8127K, committed 8576K, reserved 1048576K
}
Event: 1478529.973 GC heap before
{Heap before GC invocations=20505 (full 20335):
 garbage-first heap   total 131072K, used 59618K [0x00000000c0000000, 0x0000000100000000)
  region size 1024K, 1 young (1024K), 0 survivors (0K)
 Metaspace       used 62057K, committed 63104K, reserved 1114112K
  class space    used 8127K, committed 8576K, reserved 1048576K
}
Event: 1478530.002 GC heap after
{Heap after GC invocations=20506 (full 20336):
 garbage-first heap   total 131072K, used 59618K [0x00000000c0000000, 0x0000000100000000)
  region size 1024K, 0 young (0K), 0 survivors (0K)
 Metaspace       used 62057K, committed 63104K, reserved 1114112K
  class space    used 8127K, committed 8576K, reserved 1048576K
}
Event: 1478540.489 GC heap before
{Heap before GC invocations=20506 (full 20336):
 garbage-first heap   total 131072K, used 59618K [0x00000000c0000000, 0x0000000100000000)
  region size 1024K, 1 young (1024K), 0 survivors (0K)
 Metaspace       used 62057K, committed 63104K, reserved 1114112K
  class space    used 8127K, committed 8576K, reserved 1048576K
}
Event: 1478540.588 GC heap after
{Heap after GC invocations=20507 (full 20337):
 garbage-first heap   total 131072K, used 59618K [0x00000000c0000000, 0x0000000100000000)
  region size 1024K, 0 young (0K), 0 survivors (0K)
 Metaspace       used 62057K, committed 63104K, reserved 1114112K
  class space    used 8127K, committed 8576K, reserved 1048576K
}
Event: 1478551.355 GC heap before
{Heap before GC invocations=20507 (full 20337):
 garbage-first heap   total 131072K, used 59618K [0x00000000c0000000, 0x0000000100000000)
  region size 1024K, 1 young (1024K), 0 survivors (0K)
 Metaspace       used 62057K, committed 63104K, reserved 1114112K
  class space    used 8127K, committed 8576K, reserved 1048576K
}
Event: 1478551.395 GC heap after
{Heap after GC invocations=20508 (full 20338):
 garbage-first heap   total 131072K, used 59618K [0x00000000c0000000, 0x0000000100000000)
  region size 1024K, 0 young (0K), 0 survivors (0K)
 Metaspace       used 62057K, committed 63104K, reserved 1114112K
  class space    used 8127K, committed 8576K, reserved 1048576K
}

